{
  "stats": {
    "suites": 1,
    "tests": 2,
    "passes": 2,
    "pending": 0,
    "failures": 0,
    "start": "2023-07-09T12:08:30.493Z",
    "end": "2023-07-09T12:08:49.155Z",
    "duration": 18662,
    "testsRegistered": 2,
    "passPercent": 100,
    "pendingPercent": 0,
    "other": 0,
    "hasOther": false,
    "skipped": 0,
    "hasSkipped": false
  },
  "results": [
    {
      "uuid": "ea683eec-2461-4b57-bbc1-fc8e27effe11",
      "title": "",
      "fullFile": "cypress/integration/cart.ts",
      "file": "cypress/integration/cart.ts",
      "beforeHooks": [],
      "afterHooks": [],
      "tests": [],
      "suites": [
        {
          "uuid": "b75e9b40-d602-43b0-ba5c-d6df44cf47e4",
          "title": "Remove 2 Product from Cart and Failed Input Data",
          "fullFile": "",
          "file": "",
          "beforeHooks": [],
          "afterHooks": [],
          "tests": [
            {
              "title": "Remove Cart",
              "fullTitle": "Remove 2 Product from Cart and Failed Input Data Remove Cart",
              "timedOut": null,
              "duration": 15855,
              "state": "passed",
              "speed": "slow",
              "pass": true,
              "fail": false,
              "pending": false,
              "context": null,
              "code": "loginPage.login(URL, 'standard_user', 'secret_sauce');\nloginPage.assertLogin();\naddToCart.addAllProduct();\naddToCart.assertAddToCart();\ncartPage.removeCart();\ncartPage.cartCheckout();\ncheckoutData.cartCheckout();",
              "err": {},
              "uuid": "f234d126-fdde-4e8b-b893-4abac42c52d2",
              "parentUUID": "b75e9b40-d602-43b0-ba5c-d6df44cf47e4",
              "isHook": false,
              "skipped": false
            },
            {
              "title": "Checkout Failed",
              "fullTitle": "Remove 2 Product from Cart and Failed Input Data Checkout Failed",
              "timedOut": null,
              "duration": 1153,
              "state": "passed",
              "speed": "fast",
              "pass": true,
              "fail": false,
              "pending": false,
              "context": null,
              "code": "checkoutData.cartCheckout();\ncheckoutData.assertInputFail();",
              "err": {},
              "uuid": "68a69e84-b564-45bb-a823-79e499d0ae7a",
              "parentUUID": "b75e9b40-d602-43b0-ba5c-d6df44cf47e4",
              "isHook": false,
              "skipped": false
            }
          ],
          "suites": [],
          "passes": [
            "f234d126-fdde-4e8b-b893-4abac42c52d2",
            "68a69e84-b564-45bb-a823-79e499d0ae7a"
          ],
          "failures": [],
          "pending": [],
          "skipped": [],
          "duration": 17008,
          "root": false,
          "rootEmpty": false,
          "_timeout": 2000
        }
      ],
      "passes": [],
      "failures": [],
      "pending": [],
      "skipped": [],
      "duration": 0,
      "root": true,
      "rootEmpty": true,
      "_timeout": 2000
    }
  ],
  "meta": {
    "mocha": {
      "version": "7.0.1"
    },
    "mochawesome": {
      "options": {
        "quiet": false,
        "reportFilename": "mochawesome",
        "saveHtml": false,
        "saveJson": true,
        "consoleReporter": "spec",
        "useInlineDiffs": false,
        "code": true
      },
      "version": "7.1.3"
    },
    "marge": {
      "options": {
        "chart": true,
        "overwrite": false,
        "html": false,
        "json": true,
        "reportDir": "cypress/reports"
      },
      "version": "6.2.0"
    }
  }
}